生成启动时间为 2012/8/17 10:40:09。
     1>项目“E:\Project\ADO\201106011941\AdoAssist\AdoAssist\AdoAssist.vcxproj”在节点 2 上(build 个目标)。
     1>InitializeBuildStatus:
         正在对“Template\AdoAssist.unsuccessfulbuild”执行 Touch 任务。
       ClCompile:
         D:\Program Files (x86)\Microsoft Visual Studio 10.0\VC\bin\CL.exe /c /Zi /nologo /W1 /WX- /O2 /Oy- /Gm- /EHsc /MD /GS /fp:precise /Zc:wchar_t /Zc:forScope /Fo"Template\\" /Fd"Template\vc100.pdb" /Gd /TP /analyze- /errorReport:prompt AdoAssist.cpp AdoAssistDlg.cpp datagrid.cpp DataGridDlg.cpp stdafx.cpp TableDataDlg.cpp xMfcBtn.cpp nirs2000_src\ComboItem.cpp nirs2000_src\EditItem.cpp nirs2000_src\EditList.cpp
         AdoAssist.cpp
     1>D:\Program Files (x86)\Microsoft Visual Studio 10.0\VC\atlmfc\include\afx.h(24): fatal error C1189: #error :  Building MFC application with /MD[d] (CRT dll version) requires MFC shared dll version. Please #define _AFXDLL or do not use /MD[d]
         AdoAssistDlg.cpp
     1>D:\Program Files (x86)\Microsoft Visual Studio 10.0\VC\atlmfc\include\afx.h(24): fatal error C1189: #error :  Building MFC application with /MD[d] (CRT dll version) requires MFC shared dll version. Please #define _AFXDLL or do not use /MD[d]
         datagrid.cpp
     1>D:\Program Files (x86)\Microsoft Visual Studio 10.0\VC\atlmfc\include\afx.h(24): fatal error C1189: #error :  Building MFC application with /MD[d] (CRT dll version) requires MFC shared dll version. Please #define _AFXDLL or do not use /MD[d]
         DataGridDlg.cpp
     1>D:\Program Files (x86)\Microsoft Visual Studio 10.0\VC\atlmfc\include\afx.h(24): fatal error C1189: #error :  Building MFC application with /MD[d] (CRT dll version) requires MFC shared dll version. Please #define _AFXDLL or do not use /MD[d]
         stdafx.cpp
     1>D:\Program Files (x86)\Microsoft Visual Studio 10.0\VC\atlmfc\include\afx.h(24): fatal error C1189: #error :  Building MFC application with /MD[d] (CRT dll version) requires MFC shared dll version. Please #define _AFXDLL or do not use /MD[d]
         TableDataDlg.cpp
     1>D:\Program Files (x86)\Microsoft Visual Studio 10.0\VC\atlmfc\include\afx.h(24): fatal error C1189: #error :  Building MFC application with /MD[d] (CRT dll version) requires MFC shared dll version. Please #define _AFXDLL or do not use /MD[d]
         xMfcBtn.cpp
     1>D:\Program Files (x86)\Microsoft Visual Studio 10.0\VC\atlmfc\include\afx.h(24): fatal error C1189: #error :  Building MFC application with /MD[d] (CRT dll version) requires MFC shared dll version. Please #define _AFXDLL or do not use /MD[d]
         ComboItem.cpp
     1>nirs2000_src\ComboItem.cpp(4): fatal error C1083: 无法打开包括文件:“stdafx.h”: No such file or directory
         EditItem.cpp
     1>nirs2000_src\EditItem.cpp(4): fatal error C1083: 无法打开包括文件:“stdafx.h”: No such file or directory
         EditList.cpp
     1>nirs2000_src\EditList.cpp(4): fatal error C1083: 无法打开包括文件:“stdafx.h”: No such file or directory
         正在生成代码...
     1>已完成生成项目“E:\Project\ADO\201106011941\AdoAssist\AdoAssist\AdoAssist.vcxproj”(build 个目标)的操作 - 失败。

生成失败。

已用时间 00:00:00.29
