E:\Project\ADO\201106011941\AdoAssist\CPlusPlus\Release\cl.command.1.tlog
E:\Project\ADO\201106011941\AdoAssist\CPlusPlus\Release\CL.read.1.tlog
E:\Project\ADO\201106011941\AdoAssist\CPlusPlus\Release\CL.write.1.tlog
E:\PROJECT\ADO\201106011941\ADOASSIST\CPLUSPLUS\RELEASE\CPLUSPLUS.DLL.INTERMEDIATE.MANIFEST
E:\PROJECT\ADO\201106011941\ADOASSIST\CPLUSPLUS\RELEASE\CPLUSPLUS.OBJ
E:\PROJECT\ADO\201106011941\ADOASSIST\CPLUSPLUS\RELEASE\CPLUSPLUS.PCH
E:\PROJECT\ADO\201106011941\ADOASSIST\CPLUSPLUS\RELEASE\CPLUSPLUS.RES
E:\Project\ADO\201106011941\AdoAssist\CPlusPlus\Release\CPlusPlus.write.1.tlog
E:\Project\ADO\201106011941\AdoAssist\CPlusPlus\Release\link.command.1.tlog
E:\Project\ADO\201106011941\AdoAssist\CPlusPlus\Release\link.read.1.tlog
E:\Project\ADO\201106011941\AdoAssist\CPlusPlus\Release\link.write.1.tlog
E:\Project\ADO\201106011941\AdoAssist\CPlusPlus\Release\link-cvtres.read.1.tlog
E:\Project\ADO\201106011941\AdoAssist\CPlusPlus\Release\link-cvtres.write.1.tlog
E:\PROJECT\ADO\201106011941\ADOASSIST\CPLUSPLUS\RELEASE\MAINFUN.OBJ
E:\Project\ADO\201106011941\AdoAssist\CPlusPlus\Release\mt.command.1.tlog
E:\Project\ADO\201106011941\AdoAssist\CPlusPlus\Release\mt.read.1.tlog
E:\Project\ADO\201106011941\AdoAssist\CPlusPlus\Release\mt.write.1.tlog
E:\Project\ADO\201106011941\AdoAssist\CPlusPlus\Release\rc.command.1.tlog
E:\Project\ADO\201106011941\AdoAssist\CPlusPlus\Release\rc.read.1.tlog
E:\Project\ADO\201106011941\AdoAssist\CPlusPlus\Release\rc.write.1.tlog
E:\PROJECT\ADO\201106011941\ADOASSIST\CPLUSPLUS\RELEASE\STDAFX.OBJ
E:\PROJECT\ADO\201106011941\ADOASSIST\CPLUSPLUS\RELEASE\VC100.PDB
E:\PROJECT\ADO\201106011941\ADOASSIST\RELEASE\CPLUSPLUS.DLL
E:\Project\ADO\201106011941\AdoAssist\Release\CPlusPlus.exp
E:\Project\ADO\201106011941\AdoAssist\Release\CPlusPlus.lib
E:\PROJECT\ADO\201106011941\ADOASSIST\RELEASE\CPLUSPLUS.PDB
