E:\PROJECT\ADO\201106011941\ADOASSIST\ADOASSIST\RELEASE\ADOASSIST.EXE.INTERMEDIATE.MANIFEST
E:\PROJECT\ADO\201106011941\ADOASSIST\ADOASSIST\RELEASE\ADOASSIST.OBJ
E:\PROJECT\ADO\201106011941\ADOASSIST\ADOASSIST\RELEASE\ADOASSIST.PCH
E:\PROJECT\ADO\201106011941\ADOASSIST\ADOASSIST\RELEASE\ADOASSIST.RES
E:\Project\ADO\201106011941\AdoAssist\AdoAssist\Release\AdoAssist.write.1.tlog
E:\PROJECT\ADO\201106011941\ADOASSIST\ADOASSIST\RELEASE\ADOASSISTDLG.OBJ
E:\Project\ADO\201106011941\AdoAssist\AdoAssist\Release\cl.command.1.tlog
E:\Project\ADO\201106011941\AdoAssist\AdoAssist\Release\CL.read.1.tlog
E:\Project\ADO\201106011941\AdoAssist\AdoAssist\Release\CL.write.1.tlog
E:\PROJECT\ADO\201106011941\ADOASSIST\ADOASSIST\RELEASE\COMBOITEM.OBJ
E:\PROJECT\ADO\201106011941\ADOASSIST\ADOASSIST\RELEASE\DATAGRID.OBJ
E:\PROJECT\ADO\201106011941\ADOASSIST\ADOASSIST\RELEASE\DATAGRIDDLG.OBJ
E:\PROJECT\ADO\201106011941\ADOASSIST\ADOASSIST\RELEASE\EDITITEM.OBJ
E:\PROJECT\ADO\201106011941\ADOASSIST\ADOASSIST\RELEASE\EDITLIST.OBJ
E:\Project\ADO\201106011941\AdoAssist\AdoAssist\Release\link.command.1.tlog
E:\Project\ADO\201106011941\AdoAssist\AdoAssist\Release\link.read.1.tlog
E:\Project\ADO\201106011941\AdoAssist\AdoAssist\Release\link.write.1.tlog
E:\Project\ADO\201106011941\AdoAssist\AdoAssist\Release\link-cvtres.read.1.tlog
E:\Project\ADO\201106011941\AdoAssist\AdoAssist\Release\link-cvtres.write.1.tlog
E:\Project\ADO\201106011941\AdoAssist\AdoAssist\Release\msado15.tlh
E:\Project\ADO\201106011941\AdoAssist\AdoAssist\Release\msado15.tli
E:\Project\ADO\201106011941\AdoAssist\AdoAssist\Release\mt.command.1.tlog
E:\Project\ADO\201106011941\AdoAssist\AdoAssist\Release\mt.read.1.tlog
E:\Project\ADO\201106011941\AdoAssist\AdoAssist\Release\mt.write.1.tlog
E:\Project\ADO\201106011941\AdoAssist\AdoAssist\Release\oledb32.tlh
E:\Project\ADO\201106011941\AdoAssist\AdoAssist\Release\oledb32.tli
E:\Project\ADO\201106011941\AdoAssist\AdoAssist\Release\rc.command.1.tlog
E:\Project\ADO\201106011941\AdoAssist\AdoAssist\Release\rc.read.1.tlog
E:\Project\ADO\201106011941\AdoAssist\AdoAssist\Release\rc.write.1.tlog
E:\PROJECT\ADO\201106011941\ADOASSIST\ADOASSIST\RELEASE\STDAFX.OBJ
E:\PROJECT\ADO\201106011941\ADOASSIST\ADOASSIST\RELEASE\TABLEDATADLG.OBJ
E:\PROJECT\ADO\201106011941\ADOASSIST\ADOASSIST\RELEASE\VC100.PDB
E:\PROJECT\ADO\201106011941\ADOASSIST\ADOASSIST\RELEASE\XMFCBTN.OBJ
E:\PROJECT\ADO\201106011941\ADOASSIST\RELEASE\ADOASSIST.EXE
E:\PROJECT\ADO\201106011941\ADOASSIST\RELEASE\ADOASSIST.PDB
