生成启动时间为 2012/8/17 10:49:38。
     1>项目“E:\Project\ADO\201106011941\AdoAssist\AdoAssist\AdoAssist.vcxproj”在节点 4 上(rebuild 个目标)。
     1>_PrepareForClean:
         正在删除文件“Release\AdoAssist.lastbuildstate”。
       InitializeBuildStatus:
         正在创建“Release\AdoAssist.unsuccessfulbuild”，因为已指定“AlwaysCreate”。
       ClCompile:
         D:\Program Files (x86)\Microsoft Visual Studio 10.0\VC\bin\CL.exe /c /I.\nirs2000_src /I.\easysize /Zi /nologo /W3 /WX- /O2 /Oi /Oy- /GL /D WIN32 /D _WINDOWS /D NDEBUG /D _UNICODE /D UNICODE /D _AFXDLL /Gm- /EHsc /MD /GS /Gy /fp:precise /Zc:wchar_t /Zc:forScope /Yc"StdAfx.h" /Fp"Release\AdoAssist.pch" /Fo"Release\\" /Fd"Release\vc100.pdb" /Gd /TP /analyze- /errorReport:prompt stdafx.cpp
         stdafx.cpp
         D:\Program Files (x86)\Microsoft Visual Studio 10.0\VC\bin\CL.exe /c /I.\nirs2000_src /I.\easysize /Zi /nologo /W3 /WX- /O2 /Oi /Oy- /GL /D WIN32 /D _WINDOWS /D NDEBUG /D _UNICODE /D UNICODE /D _AFXDLL /Gm- /EHsc /MD /GS /Gy /fp:precise /Zc:wchar_t /Zc:forScope /Yu"StdAfx.h" /Fp"Release\AdoAssist.pch" /Fo"Release\\" /Fd"Release\vc100.pdb" /Gd /TP /analyze- /errorReport:prompt AdoAssist.cpp AdoAssistDlg.cpp datagrid.cpp DataGridDlg.cpp TableDataDlg.cpp xMfcBtn.cpp nirs2000_src\ComboItem.cpp nirs2000_src\EditItem.cpp nirs2000_src\EditList.cpp
         AdoAssist.cpp
         AdoAssistDlg.cpp
         datagrid.cpp
         DataGridDlg.cpp
         TableDataDlg.cpp
         xMfcBtn.cpp
         ComboItem.cpp
         EditItem.cpp
         EditList.cpp
       ResourceCompile:
         C:\Program Files (x86)\Microsoft SDKs\Windows\v7.0A\bin\rc.exe /D NDEBUG /D _UNICODE /D UNICODE /D _AFXDLL /l"0x0804" /IRelease\ /nologo /fo"Release\AdoAssist.res" AdoAssist.rc 
       Link:
         D:\Program Files (x86)\Microsoft Visual Studio 10.0\VC\bin\link.exe /ERRORREPORT:PROMPT /OUT:"E:\Project\ADO\201106011941\AdoAssist\Release\AdoAssist.exe" /INCREMENTAL:NO /NOLOGO /MANIFEST /ManifestFile:"Release\AdoAssist.exe.intermediate.manifest" /MANIFESTUAC:"level='asInvoker' uiAccess='false'" /DEBUG /PDB:"E:\Project\ADO\201106011941\AdoAssist\Release\AdoAssist.pdb" /SUBSYSTEM:WINDOWS /OPT:REF /OPT:ICF /LTCG /TLBID:1 /ENTRY:"wWinMainCRTStartup" /DYNAMICBASE /NXCOMPAT /IMPLIB:"E:\Project\ADO\201106011941\AdoAssist\Release\AdoAssist.lib" /MACHINE:X86 Release\AdoAssist.res
         Release\AdoAssist.obj
         Release\AdoAssistDlg.obj
         Release\datagrid.obj
         Release\DataGridDlg.obj
         Release\stdafx.obj
         Release\TableDataDlg.obj
         Release\xMfcBtn.obj
         Release\ComboItem.obj
         Release\EditItem.obj
         Release\EditList.obj
         E:\Project\ADO\201106011941\AdoAssist\Release\AdoAssistDll.lib
         正在生成代码
         已完成代码的生成
         AdoAssist.vcxproj -> E:\Project\ADO\201106011941\AdoAssist\Release\AdoAssist.exe
       Manifest:
         C:\Program Files (x86)\Microsoft SDKs\Windows\v7.0A\bin\mt.exe /nologo /verbose /outputresource:"E:\Project\ADO\201106011941\AdoAssist\Release\AdoAssist.exe;#1" /manifest Release\AdoAssist.exe.intermediate.manifest "D:\Program Files (x86)\Microsoft Visual Studio 10.0\VC\Include\Manifest\dpiaware.manifest"
       FinalizeBuildStatus:
         正在删除文件“Release\AdoAssist.unsuccessfulbuild”。
         正在对“Release\AdoAssist.lastbuildstate”执行 Touch 任务。
     1>已完成生成项目“E:\Project\ADO\201106011941\AdoAssist\AdoAssist\AdoAssist.vcxproj”(rebuild 个目标)的操作。

生成成功。

已用时间 00:00:07.24
