生成启动时间为 2012/8/17 10:49:30。
     1>项目“E:\Project\ADO\201106011941\AdoAssist\AdoAssistDll\AdoAssistDll.vcxproj”在节点 2 上(rebuild 个目标)。
     1>_PrepareForClean:
         正在删除文件“Release\AdoAssistDll.lastbuildstate”。
       InitializeBuildStatus:
         正在创建“Release\AdoAssistDll.unsuccessfulbuild”，因为已指定“AlwaysCreate”。
       ClCompile:
         D:\Program Files (x86)\Microsoft Visual Studio 10.0\VC\bin\CL.exe /c /I./json/include /Zi /nologo /W3 /WX- /O2 /Oi /Oy- /GL /D WIN32 /D _WINDOWS /D NDEBUG /D _AFXEXT /D ADOASSISTDLL /D JSON_DLL_BUILD /D _WINDLL /D _UNICODE /D UNICODE /D _AFXDLL /Gm- /EHsc /MD /GS /Gy /fp:precise /Zc:wchar_t /Zc:forScope /Yc"StdAfx.h" /Fp"Release\AdoAssistDll.pch" /Fo"Release\\" /Fd"Release\vc100.pdb" /Gd /TP /analyze- /errorReport:prompt stdafx.cpp
         stdafx.cpp
         D:\Program Files (x86)\Microsoft Visual Studio 10.0\VC\bin\CL.exe /c /I./json/include /Zi /nologo /W3 /WX- /O2 /Oi /Oy- /GL /D WIN32 /D _WINDOWS /D NDEBUG /D _AFXEXT /D ADOASSISTDLL /D JSON_DLL_BUILD /D _WINDLL /D _UNICODE /D UNICODE /D _AFXDLL /Gm- /EHsc /MD /GS /Gy /fp:precise /Zc:wchar_t /Zc:forScope /Yu"StdAfx.h" /Fp"Release\AdoAssistDll.pch" /Fo"Release\\" /Fd"Release\vc100.pdb" /Gd /TP /analyze- /errorReport:prompt AdoAssistDll.cpp AdoClassData.cpp ini\Ini.cpp json\lib_json\json_reader.cpp json\lib_json\json_value.cpp json\lib_json\json_writer.cpp
         AdoAssistDll.cpp
         AdoClassData.cpp
         Ini.cpp
         json_reader.cpp
         json_value.cpp
         json_writer.cpp
         D:\Program Files (x86)\Microsoft Visual Studio 10.0\VC\bin\CL.exe /c /I./json/include /Zi /nologo /W3 /WX- /O2 /Oi /Oy- /GL /D WIN32 /D _WINDOWS /D NDEBUG /D _AFXEXT /D ADOASSISTDLL /D JSON_DLL_BUILD /D _WINDLL /D _UNICODE /D UNICODE /D _AFXDLL /Gm- /EHsc /MD /GS /Gy /fp:precise /Zc:wchar_t /Zc:forScope /Fo"Release\\" /Fd"Release\vc100.pdb" /Gd /TP /analyze- /errorReport:prompt dllmain.cpp
         dllmain.cpp
       ResourceCompile:
         C:\Program Files (x86)\Microsoft SDKs\Windows\v7.0A\bin\rc.exe /D NDEBUG /D _UNICODE /D UNICODE /D _AFXDLL /l"0x0804" /IRelease\ /nologo /fo"Release\AdoAssistDll.res" AdoAssistDll.rc 
       Link:
         D:\Program Files (x86)\Microsoft Visual Studio 10.0\VC\bin\link.exe /ERRORREPORT:PROMPT /OUT:"E:\Project\ADO\201106011941\AdoAssist\Release\AdoAssistDll.dll" /INCREMENTAL:NO /NOLOGO /DEF:".\AdoAssistDll.def" /MANIFEST /ManifestFile:"Release\AdoAssistDll.dll.intermediate.manifest" /MANIFESTUAC:"level='asInvoker' uiAccess='false'" /DEBUG /PDB:"E:\Project\ADO\201106011941\AdoAssist\Release\AdoAssistDll.pdb" /SUBSYSTEM:WINDOWS /OPT:REF /OPT:ICF /LTCG /TLBID:1 /DYNAMICBASE /NXCOMPAT /IMPLIB:"E:\Project\ADO\201106011941\AdoAssist\Release\AdoAssistDll.lib" /MACHINE:X86 /DLL Release\AdoAssistDll.res
         Release\AdoAssistDll.obj
         Release\AdoClassData.obj
         Release\dllmain.obj
         Release\stdafx.obj
         Release\Ini.obj
         Release\json_reader.obj
         Release\json_value.obj
         Release\json_writer.obj
            正在创建库 E:\Project\ADO\201106011941\AdoAssist\Release\AdoAssistDll.lib 和对象 E:\Project\ADO\201106011941\AdoAssist\Release\AdoAssistDll.exp
         正在生成代码
         已完成代码的生成
         AdoAssistDll.vcxproj -> E:\Project\ADO\201106011941\AdoAssist\Release\AdoAssistDll.dll
       Manifest:
         C:\Program Files (x86)\Microsoft SDKs\Windows\v7.0A\bin\mt.exe /nologo /verbose /outputresource:"E:\Project\ADO\201106011941\AdoAssist\Release\AdoAssistDll.dll;#2" /manifest Release\AdoAssistDll.dll.intermediate.manifest "D:\Program Files (x86)\Microsoft Visual Studio 10.0\VC\Include\Manifest\dpiaware.manifest"
       FinalizeBuildStatus:
         正在删除文件“Release\AdoAssistDll.unsuccessfulbuild”。
         正在对“Release\AdoAssistDll.lastbuildstate”执行 Touch 任务。
     1>已完成生成项目“E:\Project\ADO\201106011941\AdoAssist\AdoAssistDll\AdoAssistDll.vcxproj”(rebuild 个目标)的操作。

生成成功。

已用时间 00:00:07.07
