E:\PROJECT\ADO\201106011941\ADOASSIST\ADOASSISTDLL\RELEASE\ADOASSISTDLL.DLL.INTERMEDIATE.MANIFEST
E:\PROJECT\ADO\201106011941\ADOASSIST\ADOASSISTDLL\RELEASE\ADOASSISTDLL.OBJ
E:\PROJECT\ADO\201106011941\ADOASSIST\ADOASSISTDLL\RELEASE\ADOASSISTDLL.PCH
E:\PROJECT\ADO\201106011941\ADOASSIST\ADOASSISTDLL\RELEASE\ADOASSISTDLL.RES
E:\Project\ADO\201106011941\AdoAssist\AdoAssistDll\Release\AdoAssistDll.write.1.tlog
E:\PROJECT\ADO\201106011941\ADOASSIST\ADOASSISTDLL\RELEASE\ADOCLASSDATA.OBJ
E:\Project\ADO\201106011941\AdoAssist\AdoAssistDll\Release\cl.command.1.tlog
E:\Project\ADO\201106011941\AdoAssist\AdoAssistDll\Release\CL.read.1.tlog
E:\Project\ADO\201106011941\AdoAssist\AdoAssistDll\Release\CL.write.1.tlog
E:\PROJECT\ADO\201106011941\ADOASSIST\ADOASSISTDLL\RELEASE\DLLMAIN.OBJ
E:\PROJECT\ADO\201106011941\ADOASSIST\ADOASSISTDLL\RELEASE\INI.OBJ
E:\PROJECT\ADO\201106011941\ADOASSIST\ADOASSISTDLL\RELEASE\JSON_READER.OBJ
E:\PROJECT\ADO\201106011941\ADOASSIST\ADOASSISTDLL\RELEASE\JSON_VALUE.OBJ
E:\PROJECT\ADO\201106011941\ADOASSIST\ADOASSISTDLL\RELEASE\JSON_WRITER.OBJ
E:\Project\ADO\201106011941\AdoAssist\AdoAssistDll\Release\link.command.1.tlog
E:\Project\ADO\201106011941\AdoAssist\AdoAssistDll\Release\link.read.1.tlog
E:\Project\ADO\201106011941\AdoAssist\AdoAssistDll\Release\link.write.1.tlog
E:\Project\ADO\201106011941\AdoAssist\AdoAssistDll\Release\link-cvtres.read.1.tlog
E:\Project\ADO\201106011941\AdoAssist\AdoAssistDll\Release\link-cvtres.write.1.tlog
E:\Project\ADO\201106011941\AdoAssist\AdoAssistDll\Release\mt.command.1.tlog
E:\Project\ADO\201106011941\AdoAssist\AdoAssistDll\Release\mt.read.1.tlog
E:\Project\ADO\201106011941\AdoAssist\AdoAssistDll\Release\mt.write.1.tlog
E:\Project\ADO\201106011941\AdoAssist\AdoAssistDll\Release\rc.command.1.tlog
E:\Project\ADO\201106011941\AdoAssist\AdoAssistDll\Release\rc.read.1.tlog
E:\Project\ADO\201106011941\AdoAssist\AdoAssistDll\Release\rc.write.1.tlog
E:\PROJECT\ADO\201106011941\ADOASSIST\ADOASSISTDLL\RELEASE\STDAFX.OBJ
E:\PROJECT\ADO\201106011941\ADOASSIST\ADOASSISTDLL\RELEASE\VC100.PDB
E:\PROJECT\ADO\201106011941\ADOASSIST\RELEASE\ADOASSISTDLL.DLL
E:\Project\ADO\201106011941\AdoAssist\Release\AdoAssistDll.exp
E:\Project\ADO\201106011941\AdoAssist\Release\AdoAssistDll.lib
E:\PROJECT\ADO\201106011941\ADOASSIST\RELEASE\ADOASSISTDLL.PDB
