E:\Project\ADO\201106011941\AdoAssist\CSharp\Release\cl.command.1.tlog
E:\Project\ADO\201106011941\AdoAssist\CSharp\Release\CL.read.1.tlog
E:\Project\ADO\201106011941\AdoAssist\CSharp\Release\CL.write.1.tlog
E:\PROJECT\ADO\201106011941\ADOASSIST\CSHARP\RELEASE\CSHARP.DLL.INTERMEDIATE.MANIFEST
E:\PROJECT\ADO\201106011941\ADOASSIST\CSHARP\RELEASE\CSHARP.OBJ
E:\PROJECT\ADO\201106011941\ADOASSIST\CSHARP\RELEASE\CSHARP.PCH
E:\PROJECT\ADO\201106011941\ADOASSIST\CSHARP\RELEASE\CSHARP.RES
E:\Project\ADO\201106011941\AdoAssist\CSharp\Release\CSharp.write.1.tlog
E:\Project\ADO\201106011941\AdoAssist\CSharp\Release\link.command.1.tlog
E:\Project\ADO\201106011941\AdoAssist\CSharp\Release\link.read.1.tlog
E:\Project\ADO\201106011941\AdoAssist\CSharp\Release\link.write.1.tlog
E:\Project\ADO\201106011941\AdoAssist\CSharp\Release\link-cvtres.read.1.tlog
E:\Project\ADO\201106011941\AdoAssist\CSharp\Release\link-cvtres.write.1.tlog
E:\PROJECT\ADO\201106011941\ADOASSIST\CSHARP\RELEASE\MAINFUN.OBJ
E:\Project\ADO\201106011941\AdoAssist\CSharp\Release\mt.command.1.tlog
E:\Project\ADO\201106011941\AdoAssist\CSharp\Release\mt.read.1.tlog
E:\Project\ADO\201106011941\AdoAssist\CSharp\Release\mt.write.1.tlog
E:\Project\ADO\201106011941\AdoAssist\CSharp\Release\rc.command.1.tlog
E:\Project\ADO\201106011941\AdoAssist\CSharp\Release\rc.read.1.tlog
E:\Project\ADO\201106011941\AdoAssist\CSharp\Release\rc.write.1.tlog
E:\PROJECT\ADO\201106011941\ADOASSIST\CSHARP\RELEASE\STDAFX.OBJ
E:\PROJECT\ADO\201106011941\ADOASSIST\CSHARP\RELEASE\VC100.PDB
E:\PROJECT\ADO\201106011941\ADOASSIST\RELEASE\CSHARP.DLL
E:\Project\ADO\201106011941\AdoAssist\Release\CSharp.exp
E:\Project\ADO\201106011941\AdoAssist\Release\CSharp.lib
E:\PROJECT\ADO\201106011941\ADOASSIST\RELEASE\CSHARP.PDB
