生成启动时间为 2012/8/17 10:49:37。
     1>项目“E:\Project\ADO\201106011941\AdoAssist\CSharp\CSharp.vcxproj”在节点 3 上(rebuild 个目标)。
     1>_PrepareForClean:
         正在删除文件“Release\CSharp.lastbuildstate”。
       InitializeBuildStatus:
         正在创建“Release\CSharp.unsuccessfulbuild”，因为已指定“AlwaysCreate”。
       ClCompile:
         D:\Program Files (x86)\Microsoft Visual Studio 10.0\VC\bin\CL.exe /c /Zi /nologo /W3 /WX- /O2 /Oi /Oy- /GL /D WIN32 /D _WINDOWS /D NDEBUG /D _USRDLL /D _WINDLL /D _UNICODE /D UNICODE /D _AFXDLL /Gm- /EHsc /MD /GS /Gy /fp:precise /Zc:wchar_t /Zc:forScope /Yc"StdAfx.h" /Fp"Release\CSharp.pch" /Fo"Release\\" /Fd"Release\vc100.pdb" /Gd /TP /analyze- /errorReport:prompt stdafx.cpp
         stdafx.cpp
         D:\Program Files (x86)\Microsoft Visual Studio 10.0\VC\bin\CL.exe /c /Zi /nologo /W3 /WX- /O2 /Oi /Oy- /GL /D WIN32 /D _WINDOWS /D NDEBUG /D _USRDLL /D _WINDLL /D _UNICODE /D UNICODE /D _AFXDLL /Gm- /EHsc /MD /GS /Gy /fp:precise /Zc:wchar_t /Zc:forScope /Yu"StdAfx.h" /Fp"Release\CSharp.pch" /Fo"Release\\" /Fd"Release\vc100.pdb" /Gd /TP /analyze- /errorReport:prompt CSharp.cpp MainFun.cpp
         CSharp.cpp
         MainFun.cpp
       ResourceCompile:
         C:\Program Files (x86)\Microsoft SDKs\Windows\v7.0A\bin\rc.exe /D NDEBUG /D _UNICODE /D UNICODE /D _AFXDLL /l"0x0804" /IRelease\ /nologo /fo"Release\CSharp.res" CSharp.rc 
       Link:
         D:\Program Files (x86)\Microsoft Visual Studio 10.0\VC\bin\link.exe /ERRORREPORT:PROMPT /OUT:"E:\Project\ADO\201106011941\AdoAssist\Release\CSharp.dll" /INCREMENTAL:NO /NOLOGO /DEF:".\CSharp.def" /MANIFEST /ManifestFile:"Release\CSharp.dll.intermediate.manifest" /MANIFESTUAC:"level='asInvoker' uiAccess='false'" /DEBUG /PDB:"E:\Project\ADO\201106011941\AdoAssist\Release\CSharp.pdb" /SUBSYSTEM:WINDOWS /OPT:REF /OPT:ICF /LTCG /TLBID:1 /DYNAMICBASE /NXCOMPAT /IMPLIB:"E:\Project\ADO\201106011941\AdoAssist\Release\CSharp.lib" /MACHINE:X86 /DLL Release\CSharp.res
         Release\CSharp.obj
         Release\MainFun.obj
         Release\stdafx.obj
         E:\Project\ADO\201106011941\AdoAssist\Release\AdoAssistDll.lib
            正在创建库 E:\Project\ADO\201106011941\AdoAssist\Release\CSharp.lib 和对象 E:\Project\ADO\201106011941\AdoAssist\Release\CSharp.exp
         正在生成代码
         已完成代码的生成
         CSharp.vcxproj -> E:\Project\ADO\201106011941\AdoAssist\Release\CSharp.dll
       Manifest:
         C:\Program Files (x86)\Microsoft SDKs\Windows\v7.0A\bin\mt.exe /nologo /verbose /outputresource:"E:\Project\ADO\201106011941\AdoAssist\Release\CSharp.dll;#2" /manifest Release\CSharp.dll.intermediate.manifest "D:\Program Files (x86)\Microsoft Visual Studio 10.0\VC\Include\Manifest\dpiaware.manifest"
       FinalizeBuildStatus:
         正在删除文件“Release\CSharp.unsuccessfulbuild”。
         正在对“Release\CSharp.lastbuildstate”执行 Touch 任务。
     1>已完成生成项目“E:\Project\ADO\201106011941\AdoAssist\CSharp\CSharp.vcxproj”(rebuild 个目标)的操作。

生成成功。

已用时间 00:00:05.02
